<?xml version="1.0" encoding="UTF-8"?>
<testsuite xmlns:xsi="http://www.w3.org/2001/XMLSchema-instance" xsi:noNamespaceSchemaLocation="https://maven.apache.org/surefire/maven-surefire-plugin/xsd/surefire-test-report.xsd" name="pl.edu.pw.ee.HuffmanTest" time="0.06" tests="18" errors="0" skipped="0" failures="0">
  <properties>
    <property name="java.specification.version" value="18"/>
    <property name="sun.cpu.isalist" value="amd64"/>
    <property name="sun.jnu.encoding" value="Cp1250"/>
    <property name="java.class.path" value="C:\Users\Karol\Desktop\JIMPY\AiSD\2022Z_AISD_git_lab_GR4_gr16\aisd_lab_7_huffman\aisd_lab_7_huffman\target\test-classes;C:\Users\Karol\Desktop\JIMPY\AiSD\2022Z_AISD_git_lab_GR4_gr16\aisd_lab_7_huffman\aisd_lab_7_huffman\target\classes;C:\Users\Karol\.m2\repository\org\junit\jupiter\junit-jupiter\5.8.1\junit-jupiter-5.8.1.jar;C:\Users\Karol\.m2\repository\org\junit\jupiter\junit-jupiter-api\5.8.1\junit-jupiter-api-5.8.1.jar;C:\Users\Karol\.m2\repository\org\opentest4j\opentest4j\1.2.0\opentest4j-1.2.0.jar;C:\Users\Karol\.m2\repository\org\junit\platform\junit-platform-commons\1.8.1\junit-platform-commons-1.8.1.jar;C:\Users\Karol\.m2\repository\org\junit\jupiter\junit-jupiter-params\5.8.1\junit-jupiter-params-5.8.1.jar;C:\Users\Karol\.m2\repository\org\junit\jupiter\junit-jupiter-engine\5.8.1\junit-jupiter-engine-5.8.1.jar;C:\Users\Karol\.m2\repository\org\junit\vintage\junit-vintage-engine\5.8.1\junit-vintage-engine-5.8.1.jar;C:\Users\Karol\.m2\repository\org\junit\platform\junit-platform-engine\1.8.1\junit-platform-engine-1.8.1.jar;C:\Users\Karol\.m2\repository\junit\junit\4.13.2\junit-4.13.2.jar;C:\Users\Karol\.m2\repository\org\hamcrest\hamcrest-core\1.3\hamcrest-core-1.3.jar;C:\Users\Karol\.m2\repository\org\apiguardian\apiguardian-api\1.1.2\apiguardian-api-1.1.2.jar;C:\Users\Karol\.m2\repository\org\assertj\assertj-core\3.11.1\assertj-core-3.11.1.jar;C:\Users\Karol\.m2\repository\org\mockito\mockito-core\4.0.0\mockito-core-4.0.0.jar;C:\Users\Karol\.m2\repository\net\bytebuddy\byte-buddy\1.11.19\byte-buddy-1.11.19.jar;C:\Users\Karol\.m2\repository\net\bytebuddy\byte-buddy-agent\1.11.19\byte-buddy-agent-1.11.19.jar;C:\Users\Karol\.m2\repository\org\objenesis\objenesis\3.2\objenesis-3.2.jar;C:\Users\Karol\Desktop\JIMPY\AiSD\2022Z_AISD_git_lab_GR4_gr16\aisd_lab5_rbt\aisd_lab5_rbt\target\classes;"/>
    <property name="java.vm.vendor" value="Oracle Corporation"/>
    <property name="sun.arch.data.model" value="64"/>
    <property name="user.variant" value=""/>
    <property name="java.vendor.url" value="https://java.oracle.com/"/>
    <property name="user.timezone" value="Europe/Warsaw"/>
    <property name="os.name" value="Windows 10"/>
    <property name="java.vm.specification.version" value="18"/>
    <property name="user.country" value="PL"/>
    <property name="sun.java.launcher" value="SUN_STANDARD"/>
    <property name="sun.boot.library.path" value="C:\Program Files\Java\jdk-18.0.1\bin"/>
    <property name="sun.java.command" value="C:\Users\Karol\AppData\Local\Temp\surefire18276126570306560537\surefirebooter16161702414844698602.jar C:\Users\Karol\AppData\Local\Temp\surefire18276126570306560537 2022-12-19T23-32-44_921-jvmRun1 surefire6945703870818423245tmp surefire_01414961412402047029tmp"/>
    <property name="jdk.debug" value="release"/>
    <property name="test" value="pl.edu.pw.ee.HuffmanTest"/>
    <property name="surefire.test.class.path" value="C:\Users\Karol\Desktop\JIMPY\AiSD\2022Z_AISD_git_lab_GR4_gr16\aisd_lab_7_huffman\aisd_lab_7_huffman\target\test-classes;C:\Users\Karol\Desktop\JIMPY\AiSD\2022Z_AISD_git_lab_GR4_gr16\aisd_lab_7_huffman\aisd_lab_7_huffman\target\classes;C:\Users\Karol\.m2\repository\org\junit\jupiter\junit-jupiter\5.8.1\junit-jupiter-5.8.1.jar;C:\Users\Karol\.m2\repository\org\junit\jupiter\junit-jupiter-api\5.8.1\junit-jupiter-api-5.8.1.jar;C:\Users\Karol\.m2\repository\org\opentest4j\opentest4j\1.2.0\opentest4j-1.2.0.jar;C:\Users\Karol\.m2\repository\org\junit\platform\junit-platform-commons\1.8.1\junit-platform-commons-1.8.1.jar;C:\Users\Karol\.m2\repository\org\junit\jupiter\junit-jupiter-params\5.8.1\junit-jupiter-params-5.8.1.jar;C:\Users\Karol\.m2\repository\org\junit\jupiter\junit-jupiter-engine\5.8.1\junit-jupiter-engine-5.8.1.jar;C:\Users\Karol\.m2\repository\org\junit\vintage\junit-vintage-engine\5.8.1\junit-vintage-engine-5.8.1.jar;C:\Users\Karol\.m2\repository\org\junit\platform\junit-platform-engine\1.8.1\junit-platform-engine-1.8.1.jar;C:\Users\Karol\.m2\repository\junit\junit\4.13.2\junit-4.13.2.jar;C:\Users\Karol\.m2\repository\org\hamcrest\hamcrest-core\1.3\hamcrest-core-1.3.jar;C:\Users\Karol\.m2\repository\org\apiguardian\apiguardian-api\1.1.2\apiguardian-api-1.1.2.jar;C:\Users\Karol\.m2\repository\org\assertj\assertj-core\3.11.1\assertj-core-3.11.1.jar;C:\Users\Karol\.m2\repository\org\mockito\mockito-core\4.0.0\mockito-core-4.0.0.jar;C:\Users\Karol\.m2\repository\net\bytebuddy\byte-buddy\1.11.19\byte-buddy-1.11.19.jar;C:\Users\Karol\.m2\repository\net\bytebuddy\byte-buddy-agent\1.11.19\byte-buddy-agent-1.11.19.jar;C:\Users\Karol\.m2\repository\org\objenesis\objenesis\3.2\objenesis-3.2.jar;C:\Users\Karol\Desktop\JIMPY\AiSD\2022Z_AISD_git_lab_GR4_gr16\aisd_lab5_rbt\aisd_lab5_rbt\target\classes;"/>
    <property name="sun.cpu.endian" value="little"/>
    <property name="user.home" value="C:\Users\Karol"/>
    <property name="user.language" value="pl"/>
    <property name="java.specification.vendor" value="Oracle Corporation"/>
    <property name="java.version.date" value="2022-04-19"/>
    <property name="java.home" value="C:\Program Files\Java\jdk-18.0.1"/>
    <property name="file.separator" value="\"/>
    <property name="basedir" value="C:\Users\Karol\Desktop\JIMPY\AiSD\2022Z_AISD_git_lab_GR4_gr16\aisd_lab_7_huffman\aisd_lab_7_huffman"/>
    <property name="java.vm.compressedOopsMode" value="32-bit"/>
    <property name="line.separator" value="&#10;"/>
    <property name="java.vm.specification.vendor" value="Oracle Corporation"/>
    <property name="java.specification.name" value="Java Platform API Specification"/>
    <property name="surefire.real.class.path" value="C:\Users\Karol\AppData\Local\Temp\surefire18276126570306560537\surefirebooter16161702414844698602.jar"/>
    <property name="user.script" value=""/>
    <property name="sun.management.compiler" value="HotSpot 64-Bit Tiered Compilers"/>
    <property name="java.runtime.version" value="18.0.1+10-24"/>
    <property name="user.name" value="Karol"/>
    <property name="path.separator" value=";"/>
    <property name="os.version" value="10.0"/>
    <property name="java.runtime.name" value="Java(TM) SE Runtime Environment"/>
    <property name="file.encoding" value="UTF-8"/>
    <property name="java.vm.name" value="Java HotSpot(TM) 64-Bit Server VM"/>
    <property name="maven.ext.class.path" value="C:\Program Files\NetBeans-15\netbeans\java\maven-nblib\netbeans-eventspy.jar;C:\Program Files\NetBeans-15\netbeans\java\maven-nblib\netbeans-cos.jar"/>
    <property name="localRepository" value="C:\Users\Karol\.m2\repository"/>
    <property name="java.vendor.url.bug" value="https://bugreport.java.com/bugreport/"/>
    <property name="java.io.tmpdir" value="C:\Users\Karol\AppData\Local\Temp\"/>
    <property name="java.version" value="18.0.1"/>
    <property name="user.dir" value="C:\Users\Karol\Desktop\JIMPY\AiSD\2022Z_AISD_git_lab_GR4_gr16\aisd_lab_7_huffman\aisd_lab_7_huffman"/>
    <property name="os.arch" value="amd64"/>
    <property name="java.vm.specification.name" value="Java Virtual Machine Specification"/>
    <property name="sun.os.patch.level" value=""/>
    <property name="native.encoding" value="Cp1250"/>
    <property name="java.library.path" value="C:\Program Files\Java\jdk-18.0.1\bin;C:\Windows\Sun\Java\bin;C:\Windows\system32;C:\Windows;C:\Program Files\Common Files\Oracle\Java\javapath;C:\Program Files\Eclipse Adoptium\jdk-17.0.2.8-hotspot\bin;C:\Program Files (x86)\Common Files\Oracle\Java\javapath;C:\Windows\system32;C:\Windows;C:\Windows\System32\Wbem;C:\Windows\System32\WindowsPowerShell\v1.0\;C:\Windows\System32\OpenSSH\;C:\Program Files\PuTTY\;C:\Program Files\dotnet\;C:\Program Files\Microsoft SQL Server\130\Tools\Binn\;C:\Program Files\Git\cmd;C:\Program Files\NVIDIA Corporation\NVIDIA NvDLISR;C:\Program Files (x86)\Microsoft SQL Server\110\Tools\Binn\ManagementStudio\;C:\Program Files (x86)\Microsoft SQL Server\110\Tools\Binn\;C:\Program Files\Microsoft SQL Server\110\Tools\Binn\;C:\Program Files (x86)\Microsoft SQL Server\110\DTS\Binn\;C:\Program Files\Microsoft SQL Server\110\DTS\Binn\;C:\Users\Karol\AppData\Local\Microsoft\WindowsApps;C:\Users\Karol\.dotnet\tools;C:\Users\Karol\AppData\Local\Programs\Microsoft VS Code\bin;C:\msys64\mingw64\bin;C:\Users\Karol\AppData\Local\GitHubDesktop\bin;C:\Users\Karol\AppData\Local\Programs\Python\Python311\Scripts;;."/>
    <property name="java.vm.info" value="mixed mode, sharing"/>
    <property name="java.vendor" value="Oracle Corporation"/>
    <property name="java.vm.version" value="18.0.1+10-24"/>
    <property name="sun.io.unicode.encoding" value="UnicodeLittle"/>
    <property name="java.class.version" value="62.0"/>
  </properties>
  <testcase name="checkIfHuffmanCouldEncodeCharactersForTest1" classname="pl.edu.pw.ee.HuffmanTest" time="0.006"/>
  <testcase name="checkIfHuffmanCouldEncodeCharactersForTest2" classname="pl.edu.pw.ee.HuffmanTest" time="0.001"/>
  <testcase name="checkIfHuffmanCouldEncodeCharactersForTest3" classname="pl.edu.pw.ee.HuffmanTest" time="0.003"/>
  <testcase name="checkIfHuffmanCouldEncodeCharactersForTest4" classname="pl.edu.pw.ee.HuffmanTest" time="0.001"/>
  <testcase name="checkIfHuffmanCouldEncodeCharactersForTest5" classname="pl.edu.pw.ee.HuffmanTest" time="0.001"/>
  <testcase name="checkIfHuffmanCouldEncodeCharactersForTest6" classname="pl.edu.pw.ee.HuffmanTest" time="0.001"/>
  <testcase name="checkIfHuffmanCouldEncodeCharactersForTest7" classname="pl.edu.pw.ee.HuffmanTest" time="0"/>
  <testcase name="checkIfHuffmanCouldEncodeCharactersForTest8" classname="pl.edu.pw.ee.HuffmanTest" time="0.002"/>
  <testcase name="checkIfHuffmanCouldEncodeCharactersForTest9" classname="pl.edu.pw.ee.HuffmanTest" time="0.002"/>
  <testcase name="checkIfHuffmanCouldDecodeCharactersForTest1" classname="pl.edu.pw.ee.HuffmanTest" time="0.006"/>
  <testcase name="checkIfHuffmanCouldDecodeCharactersForTest2" classname="pl.edu.pw.ee.HuffmanTest" time="0.004"/>
  <testcase name="checkIfHuffmanCouldDecodeCharactersForTest3" classname="pl.edu.pw.ee.HuffmanTest" time="0.016"/>
  <testcase name="checkIfHuffmanCouldDecodeCharactersForTest4" classname="pl.edu.pw.ee.HuffmanTest" time="0.002"/>
  <testcase name="checkIfHuffmanCouldDecodeCharactersForTest5" classname="pl.edu.pw.ee.HuffmanTest" time="0"/>
  <testcase name="checkIfHuffmanCouldDecodeCharactersForTest6" classname="pl.edu.pw.ee.HuffmanTest" time="0.001"/>
  <testcase name="checkIfHuffmanCouldDecodeCharactersForTest7" classname="pl.edu.pw.ee.HuffmanTest" time="0"/>
  <testcase name="checkIfHuffmanCouldDecodeCharactersForTest8" classname="pl.edu.pw.ee.HuffmanTest" time="0.007"/>
  <testcase name="checkIfHuffmanCouldDecodeCharactersForTest9" classname="pl.edu.pw.ee.HuffmanTest" time="0.001"/>
</testsuite>